<?xml version="1.0" encoding="UTF-8"?>
<!-- Generated by org.testng.reporters.JUnitReportReporter -->
<testsuite hostname="LTIN180682" failures="1" tests="55" name="testCases.TS_08_EndToEnd" time="73.089" errors="1" timestamp="2024-03-25T19:59:02 IST" skipped="27">
  <testcase classname="testCases.TS_08_EndToEnd" name="tc_001_isBookShelvesButtonPresent" time="0.000">
    <skipped/>
  </testcase> <!-- tc_001_isBookShelvesButtonPresent -->
  <testcase classname="testCases.TS_08_EndToEnd" name="setup" time="9.445">
    <error message="no such window: target window already closed
from unknown error: web view not found
  (Session info: MicrosoftEdge=122.0.2365.92)
Build info: version: &#039;4.18.1&#039;, revision: &#039;b1d3319b48&#039;
System info: os.name: &#039;Windows 11&#039;, os.arch: &#039;amd64&#039;, os.version: &#039;10.0&#039;, java.version: &#039;17.0.2&#039;
Driver info: org.openqa.selenium.edge.EdgeDriver
Command: [bc6cdc1b1ae3f19e6d481c85d22ce8af, get {url=https://www.urbanladder.com/}]
Capabilities {acceptInsecureCerts: false, browserName: MicrosoftEdge, browserVersion: 122.0.2365.92, fedcm:accounts: true, ms:edgeOptions: {debuggerAddress: localhost:57205}, msedge: {msedgedriverVersion: 122.0.2365.106 (a5761ec7165..., userDataDir: C:\Windows\SystemTemp\scope...}, networkConnectionEnabled: false, pageLoadStrategy: normal, platformName: windows, proxy: Proxy(), se:cdp: ws://localhost:57205/devtoo..., se:cdpVersion: 122.0.2365.92, setWindowRect: true, strictFileInteractability: false, timeouts: {implicit: 0, pageLoad: 300000, script: 30000}, unhandledPromptBehavior: dismiss and notify, webauthn:extension:credBlob: true, webauthn:extension:largeBlob: true, webauthn:extension:minPinLength: true, webauthn:extension:prf: true, webauthn:virtualAuthenticators: true}
Session ID: bc6cdc1b1ae3f19e6d481c85d22ce8af" type="org.openqa.selenium.NoSuchWindowException">
      <![CDATA[org.openqa.selenium.NoSuchWindowException: no such window: target window already closed
from unknown error: web view not found
  (Session info: MicrosoftEdge=122.0.2365.92)
Build info: version: '4.18.1', revision: 'b1d3319b48'
System info: os.name: 'Windows 11', os.arch: 'amd64', os.version: '10.0', java.version: '17.0.2'
Driver info: org.openqa.selenium.edge.EdgeDriver
Command: [bc6cdc1b1ae3f19e6d481c85d22ce8af, get {url=https://www.urbanladder.com/}]
Capabilities {acceptInsecureCerts: false, browserName: MicrosoftEdge, browserVersion: 122.0.2365.92, fedcm:accounts: true, ms:edgeOptions: {debuggerAddress: localhost:57205}, msedge: {msedgedriverVersion: 122.0.2365.106 (a5761ec7165..., userDataDir: C:\Windows\SystemTemp\scope...}, networkConnectionEnabled: false, pageLoadStrategy: normal, platformName: windows, proxy: Proxy(), se:cdp: ws://localhost:57205/devtoo..., se:cdpVersion: 122.0.2365.92, setWindowRect: true, strictFileInteractability: false, timeouts: {implicit: 0, pageLoad: 300000, script: 30000}, unhandledPromptBehavior: dismiss and notify, webauthn:extension:credBlob: true, webauthn:extension:largeBlob: true, webauthn:extension:minPinLength: true, webauthn:extension:prf: true, webauthn:virtualAuthenticators: true}
Session ID: bc6cdc1b1ae3f19e6d481c85d22ce8af
at java.base/jdk.internal.reflect.NativeConstructorAccessorImpl.newInstance0(Native Method)
at java.base/jdk.internal.reflect.NativeConstructorAccessorImpl.newInstance(NativeConstructorAccessorImpl.java:77)
at java.base/jdk.internal.reflect.DelegatingConstructorAccessorImpl.newInstance(DelegatingConstructorAccessorImpl.java:45)
at java.base/java.lang.reflect.Constructor.newInstanceWithCaller(Constructor.java:499)
at java.base/java.lang.reflect.Constructor.newInstance(Constructor.java:480)
at org.openqa.selenium.remote.ErrorCodec.decode(ErrorCodec.java:167)
at org.openqa.selenium.remote.codec.w3c.W3CHttpResponseCodec.decode(W3CHttpResponseCodec.java:138)
at org.openqa.selenium.remote.codec.w3c.W3CHttpResponseCodec.decode(W3CHttpResponseCodec.java:50)
at org.openqa.selenium.remote.HttpCommandExecutor.execute(HttpCommandExecutor.java:190)
at org.openqa.selenium.remote.service.DriverCommandExecutor.invokeExecute(DriverCommandExecutor.java:216)
at org.openqa.selenium.remote.service.DriverCommandExecutor.execute(DriverCommandExecutor.java:174)
at org.openqa.selenium.remote.RemoteWebDriver.execute(RemoteWebDriver.java:519)
at org.openqa.selenium.remote.RemoteWebDriver.get(RemoteWebDriver.java:301)
at org.openqa.selenium.remote.RemoteWebDriver$RemoteNavigation.to(RemoteWebDriver.java:1064)
at testBase.BaseClass.setup(BaseClass.java:79)
at java.base/jdk.internal.reflect.NativeMethodAccessorImpl.invoke0(Native Method)
at java.base/jdk.internal.reflect.NativeMethodAccessorImpl.invoke(NativeMethodAccessorImpl.java:77)
at java.base/jdk.internal.reflect.DelegatingMethodAccessorImpl.invoke(DelegatingMethodAccessorImpl.java:43)
at java.base/java.lang.reflect.Method.invoke(Method.java:568)
at org.testng.internal.invokers.MethodInvocationHelper.invokeMethod(MethodInvocationHelper.java:139)
at org.testng.internal.invokers.MethodInvocationHelper.invokeMethodConsideringTimeout(MethodInvocationHelper.java:69)
at org.testng.internal.invokers.ConfigInvoker.invokeConfigurationMethod(ConfigInvoker.java:393)
at org.testng.internal.invokers.ConfigInvoker.invokeConfigurations(ConfigInvoker.java:326)
at org.testng.TestRunner.invokeTestConfigurations(TestRunner.java:661)
at org.testng.TestRunner.beforeRun(TestRunner.java:650)
at org.testng.TestRunner.run(TestRunner.java:612)
at org.testng.SuiteRunner.runTest(SuiteRunner.java:443)
at org.testng.SuiteRunner.runSequentially(SuiteRunner.java:437)
at org.testng.SuiteRunner.privateRun(SuiteRunner.java:397)
at org.testng.SuiteRunner.run(SuiteRunner.java:336)
at org.testng.SuiteRunnerWorker.runSuite(SuiteRunnerWorker.java:52)
at org.testng.SuiteRunnerWorker.run(SuiteRunnerWorker.java:95)
at org.testng.TestNG.runSuitesSequentially(TestNG.java:1301)
at org.testng.TestNG.runSuitesLocally(TestNG.java:1228)
at org.testng.TestNG.runSuites(TestNG.java:1134)
at org.testng.TestNG.run(TestNG.java:1101)
at org.testng.remote.AbstractRemoteTestNG.run(AbstractRemoteTestNG.java:115)
at org.testng.remote.RemoteTestNG.initAndRun(RemoteTestNG.java:251)
at org.testng.remote.RemoteTestNG.main(RemoteTestNG.java:77)
]]>
    </error>
  </testcase> <!-- setup -->
  <testcase classname="testCases.TS_08_EndToEnd" name="tc_001_isBookShelvesButtonPresent" time="1.514"/>
  <testcase classname="testCases.TS_08_EndToEnd" name="tc_002_verifyBookshelvesPage" time="3.618"/>
  <testcase classname="testCases.TS_08_EndToEnd" name="tc_002_verifyBookshelvesPage" time="0.000">
    <skipped/>
  </testcase> <!-- tc_002_verifyBookshelvesPage -->
  <testcase classname="testCases.TS_08_EndToEnd" name="tc_003_handlePopup" time="0.000">
    <skipped/>
  </testcase> <!-- tc_003_handlePopup -->
  <testcase classname="testCases.TS_08_EndToEnd" name="tc_003_handlePopup" time="5.578"/>
  <testcase classname="testCases.TS_08_EndToEnd" name="tc_004_isPriceFilterPresent" time="0.000">
    <skipped/>
  </testcase> <!-- tc_004_isPriceFilterPresent -->
  <testcase classname="testCases.TS_08_EndToEnd" name="tc_004_isPriceFilterPresent" time="0.053"/>
  <testcase classname="testCases.TS_08_EndToEnd" name="tc_005_isStorageTypeFilterPresent" time="0.081"/>
  <testcase classname="testCases.TS_08_EndToEnd" name="tc_005_isStorageTypeFilterPresent" time="0.000">
    <skipped/>
  </testcase> <!-- tc_005_isStorageTypeFilterPresent -->
  <testcase classname="testCases.TS_08_EndToEnd" name="tc_006_isBrandFilterPresent" time="0.000">
    <skipped/>
  </testcase> <!-- tc_006_isBrandFilterPresent -->
  <testcase classname="testCases.TS_08_EndToEnd" name="tc_006_isBrandFilterPresent" time="0.062"/>
  <testcase classname="testCases.TS_08_EndToEnd" name="tc_007_isOutOfStockCheckboxPresent" time="0.063"/>
  <testcase classname="testCases.TS_08_EndToEnd" name="tc_007_isOutOfStockCheckboxPresent" time="0.000">
    <skipped/>
  </testcase> <!-- tc_007_isOutOfStockCheckboxPresent -->
  <testcase classname="testCases.TS_08_EndToEnd" name="tc_008_isPriceFilterHoverable" time="0.000">
    <skipped/>
  </testcase> <!-- tc_008_isPriceFilterHoverable -->
  <testcase classname="testCases.TS_08_EndToEnd" name="tc_008_isPriceFilterHoverable" time="0.328"/>
  <testcase classname="testCases.TS_08_EndToEnd" name="tc_009_isStorageTypeFilterHoverable" time="0.257"/>
  <testcase classname="testCases.TS_08_EndToEnd" name="tc_009_isStorageTypeFilterHoverable" time="0.000">
    <skipped/>
  </testcase> <!-- tc_009_isStorageTypeFilterHoverable -->
  <testcase classname="testCases.TS_08_EndToEnd" name="tc_010_setPriceSlider" time="0.000">
    <skipped/>
  </testcase> <!-- tc_010_setPriceSlider -->
  <testcase classname="testCases.TS_08_EndToEnd" name="tc_010_setPriceSlider" time="0.724"/>
  <testcase classname="testCases.TS_08_EndToEnd" name="tc_011_setStorageType" time="0.000">
    <skipped/>
  </testcase> <!-- tc_011_setStorageType -->
  <testcase classname="testCases.TS_08_EndToEnd" name="tc_011_setStorageType" time="0.331"/>
  <testcase classname="testCases.TS_08_EndToEnd" name="tc_012_checkOutOfStock" time="0.000">
    <skipped/>
  </testcase> <!-- tc_012_checkOutOfStock -->
  <testcase classname="testCases.TS_08_EndToEnd" name="tc_012_checkOutOfStock" time="0.118"/>
  <testcase classname="testCases.TS_08_EndToEnd" name="tc_013_displayBookshelvesDetails" time="0.000">
    <skipped/>
  </testcase> <!-- tc_013_displayBookshelvesDetails -->
  <testcase classname="testCases.TS_08_EndToEnd" name="tc_013_displayBookshelvesDetails" time="8.336"/>
  <testcase classname="testCases.TS_08_EndToEnd" name="tc_014_isHomeDecorMenuPresent" time="0.000">
    <skipped/>
  </testcase> <!-- tc_014_isHomeDecorMenuPresent -->
  <testcase classname="testCases.TS_08_EndToEnd" name="tc_014_isHomeDecorMenuPresent" time="25.662">
    <failure message="Expected condition failed: waiting for visibility of element located by By.xpath: //ul[@class = &#039;inline-list left&#039;]/li[5]//a[text() = &#039;Home Decor&#039;] (tried for 25 second(s) with 5000 milliseconds interval)
Build info: version: &#039;4.18.1&#039;, revision: &#039;b1d3319b48&#039;
System info: os.name: &#039;Windows 11&#039;, os.arch: &#039;amd64&#039;, os.version: &#039;10.0&#039;, java.version: &#039;17.0.2&#039;
Driver info: driver.version: unknown" type="java.lang.AssertionError">
      <![CDATA[java.lang.AssertionError: Expected condition failed: waiting for visibility of element located by By.xpath: //ul[@class = 'inline-list left']/li[5]//a[text() = 'Home Decor'] (tried for 25 second(s) with 5000 milliseconds interval)
Build info: version: '4.18.1', revision: 'b1d3319b48'
System info: os.name: 'Windows 11', os.arch: 'amd64', os.version: '10.0', java.version: '17.0.2'
Driver info: driver.version: unknown
at org.testng.Assert.fail(Assert.java:111)
at testCases.TS_08_EndToEnd.tc_014_isHomeDecorMenuPresent(TS_08_EndToEnd.java:237)
at java.base/jdk.internal.reflect.NativeMethodAccessorImpl.invoke0(Native Method)
at java.base/jdk.internal.reflect.NativeMethodAccessorImpl.invoke(NativeMethodAccessorImpl.java:77)
at java.base/jdk.internal.reflect.DelegatingMethodAccessorImpl.invoke(DelegatingMethodAccessorImpl.java:43)
at java.base/java.lang.reflect.Method.invoke(Method.java:568)
at org.testng.internal.invokers.MethodInvocationHelper.invokeMethod(MethodInvocationHelper.java:139)
at org.testng.internal.invokers.TestInvoker.invokeMethod(TestInvoker.java:664)
at org.testng.internal.invokers.TestInvoker.invokeTestMethod(TestInvoker.java:228)
at org.testng.internal.invokers.MethodRunner.runInSequence(MethodRunner.java:63)
at org.testng.internal.invokers.TestInvoker$MethodInvocationAgent.invoke(TestInvoker.java:961)
at org.testng.internal.invokers.TestInvoker.invokeTestMethods(TestInvoker.java:201)
at org.testng.internal.invokers.TestMethodWorker.invokeTestMethods(TestMethodWorker.java:148)
at org.testng.internal.invokers.TestMethodWorker.run(TestMethodWorker.java:128)
at java.base/java.util.ArrayList.forEach(ArrayList.java:1511)
at org.testng.TestRunner.privateRun(TestRunner.java:819)
at org.testng.TestRunner.run(TestRunner.java:619)
at org.testng.SuiteRunner.runTest(SuiteRunner.java:443)
at org.testng.SuiteRunner.runSequentially(SuiteRunner.java:437)
at org.testng.SuiteRunner.privateRun(SuiteRunner.java:397)
at org.testng.SuiteRunner.run(SuiteRunner.java:336)
at org.testng.SuiteRunnerWorker.runSuite(SuiteRunnerWorker.java:52)
at org.testng.SuiteRunnerWorker.run(SuiteRunnerWorker.java:95)
at org.testng.TestNG.runSuitesSequentially(TestNG.java:1301)
at org.testng.TestNG.runSuitesLocally(TestNG.java:1228)
at org.testng.TestNG.runSuites(TestNG.java:1134)
at org.testng.TestNG.run(TestNG.java:1101)
at org.testng.remote.AbstractRemoteTestNG.run(AbstractRemoteTestNG.java:115)
at org.testng.remote.RemoteTestNG.initAndRun(RemoteTestNG.java:251)
at org.testng.remote.RemoteTestNG.main(RemoteTestNG.java:77)
]]>
    </failure>
  </testcase> <!-- tc_014_isHomeDecorMenuPresent -->
  <testcase classname="testCases.TS_08_EndToEnd" name="tc_015_getHomeDecorSubMenuItems" time="0.000">
    <skipped/>
  </testcase> <!-- tc_015_getHomeDecorSubMenuItems -->
  <testcase classname="testCases.TS_08_EndToEnd" name="tc_015_getHomeDecorSubMenuItems" time="0.731"/>
  <testcase classname="testCases.TS_08_EndToEnd" name="tc_016_validateGiftCardButton" time="0.000">
    <skipped/>
  </testcase> <!-- tc_016_validateGiftCardButton -->
  <testcase classname="testCases.TS_08_EndToEnd" name="tc_016_validateGiftCardButton" time="0.133"/>
  <testcase classname="testCases.TS_08_EndToEnd" name="tc_017_navigateToGiftCardsPage" time="0.000">
    <skipped/>
  </testcase> <!-- tc_017_navigateToGiftCardsPage -->
  <testcase classname="testCases.TS_08_EndToEnd" name="tc_017_navigateToGiftCardsPage" time="3.552"/>
  <testcase classname="testCases.TS_08_EndToEnd" name="tc_018_verifyBirthdayCardIsDisplayed" time="0.085"/>
  <testcase classname="testCases.TS_08_EndToEnd" name="tc_018_verifyBirthdayCardIsDisplayed" time="0.000">
    <skipped/>
  </testcase> <!-- tc_018_verifyBirthdayCardIsDisplayed -->
  <testcase classname="testCases.TS_08_EndToEnd" name="tc_019_giftCardCustomization" time="0.000">
    <skipped/>
  </testcase> <!-- tc_019_giftCardCustomization -->
  <testcase classname="testCases.TS_08_EndToEnd" name="tc_019_giftCardCustomization" time="1.376"/>
  <testcase classname="testCases.TS_08_EndToEnd" name="tc_020_enterRecipientDetailsDDT" time="0.681"/>
  <testcase classname="testCases.TS_08_EndToEnd" name="tc_020_enterRecipientDetailsDDT" time="0.000">
    <skipped/>
  </testcase> <!-- tc_020_enterRecipientDetailsDDT -->
  <testcase classname="testCases.TS_08_EndToEnd" name="tc_021_enterSenderDetailsDDT" time="0.000">
    <skipped/>
  </testcase> <!-- tc_021_enterSenderDetailsDDT -->
  <testcase classname="testCases.TS_08_EndToEnd" name="tc_021_enterSenderDetailsDDT" time="0.000">
    <skipped/>
  </testcase> <!-- tc_021_enterSenderDetailsDDT -->
  <testcase classname="testCases.TS_08_EndToEnd" name="tc_021_enterSenderDetailsDDT" time="0.000">
    <skipped/>
  </testcase> <!-- tc_021_enterSenderDetailsDDT -->
  <testcase classname="testCases.TS_08_EndToEnd" name="tc_021_enterSenderDetailsDDT" time="1.407"/>
  <testcase classname="testCases.TS_08_EndToEnd" name="tc_021_enterSenderDetailsDDT" time="1.392"/>
  <testcase classname="testCases.TS_08_EndToEnd" name="tc_021_enterSenderDetailsDDT" time="1.582"/>
  <testcase classname="testCases.TS_08_EndToEnd" name="tc_021_enterSenderDetailsDDT" time="0.000">
    <skipped/>
  </testcase> <!-- tc_021_enterSenderDetailsDDT -->
  <testcase classname="testCases.TS_08_EndToEnd" name="tc_021_enterSenderDetailsDDT" time="1.444"/>
  <testcase classname="testCases.TS_08_EndToEnd" name="tc_021_enterSenderDetailsDDT" time="0.009">
    <skipped/>
  </testcase> <!-- tc_021_enterSenderDetailsDDT -->
  <testcase classname="testCases.TS_08_EndToEnd" name="tc_021_enterSenderDetailsDDT" time="1.244"/>
  <testcase classname="testCases.TS_08_EndToEnd" name="tc_021_enterSenderDetailsDDT" time="0.000">
    <skipped/>
  </testcase> <!-- tc_021_enterSenderDetailsDDT -->
  <testcase classname="testCases.TS_08_EndToEnd" name="tc_021_enterSenderDetailsDDT" time="1.786"/>
  <testcase classname="testCases.TS_08_EndToEnd" name="tc_021_enterSenderDetailsDDT" time="0.000">
    <skipped/>
  </testcase> <!-- tc_021_enterSenderDetailsDDT -->
  <testcase classname="testCases.TS_08_EndToEnd" name="tc_021_enterSenderDetailsDDT" time="1.497"/>
</testsuite> <!-- testCases.TS_08_EndToEnd -->
